[debug] [2023-06-19T03:55:02.777Z] ----------------------------------------------------------------------
[debug] [2023-06-19T03:55:02.778Z] Command:       C:\Program Files\nodejs\node.exe C:\Users\damur\AppData\Roaming\npm\node_modules\firebase-tools\lib\bin\firebase.js init
[debug] [2023-06-19T03:55:02.778Z] CLI Version:   12.4.0
[debug] [2023-06-19T03:55:02.779Z] Platform:      win32
[debug] [2023-06-19T03:55:02.779Z] Node Version:  v18.16.0
[debug] [2023-06-19T03:55:02.780Z] Time:          Sun Jun 18 2023 21:55:02 GMT-0600 (Central Standard Time)
[debug] [2023-06-19T03:55:02.780Z] ----------------------------------------------------------------------
[debug] 
[debug] [2023-06-19T03:55:02.785Z] > command requires scopes: ["email","openid","https://www.googleapis.com/auth/cloudplatformprojects.readonly","https://www.googleapis.com/auth/firebase","https://www.googleapis.com/auth/cloud-platform"]
[debug] [2023-06-19T03:55:02.785Z] > authorizing via signed-in user (diego.murillop@gmail.com)
[info] 
     ######## #### ########  ######## ########     ###     ######  ########
     ##        ##  ##     ## ##       ##     ##  ##   ##  ##       ##
     ######    ##  ########  ######   ########  #########  ######  ######
     ##        ##  ##    ##  ##       ##     ## ##     ##       ## ##
     ##       #### ##     ## ######## ########  ##     ##  ######  ########

You're about to initialize a Firebase project in this directory:

  C:\Projects\tcu_website

Before we get started, keep in mind:

  * You are currently outside your home directory

